<?xml version="1.0" encoding="UTF-8"?>
<!-- Generated by org.testng.reporters.JUnitReportReporter -->
<testsuite hostname="Lenovo" failures="0" tests="13" name="test.TestNGTestCasesExecutionOrder" time="0.272" errors="0" timestamp="2024-09-26T09:13:19 IST" skipped="0">
  <testcase classname="test.TestNGTestCasesExecutionOrder" name="addUser" time="0.077"/>
  <system-out/>
  <testcase classname="test.TestNGTestCasesExecutionOrder" name="updateUser" time="0.027"/>
  <system-out/>
  <testcase classname="test.TestNGTestCasesExecutionOrder" name="updateUser" time="0.034"/>
  <system-out/>
  <testcase classname="test.TestNGTestCasesExecutionOrder" name="updateUser" time="0.008"/>
  <system-out/>
  <testcase classname="test.TestNGTestCasesExecutionOrder" name="getUser" time="0.003"/>
  <system-out/>
  <testcase classname="test.TestNGTestCasesExecutionOrder" name="getUser" time="0.028"/>
  <system-out/>
  <testcase classname="test.TestNGTestCasesExecutionOrder" name="getUser" time="0.007"/>
  <system-out/>
  <testcase classname="test.TestNGTestCasesExecutionOrder" name="getUser" time="0.007"/>
  <system-out/>
  <testcase classname="test.TestNGTestCasesExecutionOrder" name="getUser" time="0.007"/>
  <system-out/>
  <testcase classname="test.TestNGTestCasesExecutionOrder" name="deleteUser" time="0.006"/>
  <system-out/>
  <testcase classname="test.TestNGTestCasesExecutionOrder" name="deleteUser" time="0.024"/>
  <system-out/>
  <testcase classname="test.TestNGTestCasesExecutionOrder" name="deleteUser" time="0.042"/>
  <system-out/>
  <testcase classname="test.TestNGTestCasesExecutionOrder" name="deleteUser" time="0.002"/>
  <system-out/>
</testsuite> <!-- test.TestNGTestCasesExecutionOrder -->
