<?xml version="1.0" encoding="UTF-8"?>
<!-- Generated by org.testng.reporters.JUnitReportReporter -->
<testsuite hostname="Lenovo" failures="0" tests="2" name="test.TestFileOperations" time="1.221" errors="0" timestamp="2024-09-26T08:12:10 IST" skipped="0">
  <testcase classname="test.TestFileOperations" name="readDataFromXML" time="0.285"/>
  <system-out/>
  <testcase classname="test.TestFileOperations" name="readDataFromJson" time="0.936"/>
  <system-out/>
</testsuite> <!-- test.TestFileOperations -->
