<?xml version="1.0" encoding="UTF-8"?>
<!-- Generated by org.testng.reporters.JUnitReportReporter -->
<testsuite hostname="Lenovo" failures="0" tests="1" name="test.TestFileOperations" time="1.909" errors="0" timestamp="2024-09-25T09:20:16 IST" skipped="0">
  <testcase classname="test.TestFileOperations" name="testReadDataFromExcel" time="1.909"/>
  <system-out/>
</testsuite> <!-- test.TestFileOperations -->
